-------------------------------------------------------------------------------
Test set: TestSuite
-------------------------------------------------------------------------------
Tests run: 36, Failures: 3, Errors: 0, Skipped: 32, Time elapsed: 21.672 sec <<< FAILURE!
meterListResponseJSONObjectsExist(org.ceilometer.CeilometerTestAutomationSuite.MeterListFilterWithFields)  Time elapsed: 1.883 sec  <<< FAILURE!
java.lang.AssertionError: expected [true] but found [false]
	at org.testng.Assert.fail(Assert.java:94)
	at org.testng.Assert.failNotEquals(Assert.java:494)
	at org.testng.Assert.assertTrue(Assert.java:42)
	at org.testng.Assert.assertTrue(Assert.java:52)
	at org.ceilometer.CeilometerTestAutomationSuite.MeterListFilterWithFields.meterListResponseJSONObjectsExist(MeterListFilterWithFields.java:31)

meterListResponseJSONObjectsExist(org.ceilometer.CeilometerTestAutomationSuite.MeterListFilterWithFieldsTest)  Time elapsed: 1.23 sec  <<< FAILURE!
java.lang.AssertionError: expected [true] but found [false]
	at org.testng.Assert.fail(Assert.java:94)
	at org.testng.Assert.failNotEquals(Assert.java:494)
	at org.testng.Assert.assertTrue(Assert.java:42)
	at org.testng.Assert.assertTrue(Assert.java:52)
	at org.ceilometer.CeilometerTestAutomationSuite.MeterListFilterWithFieldsTest.meterListResponseJSONObjectsExist(MeterListFilterWithFieldsTest.java:31)

verifyGetMetersResponseCode(org.ceilometer.CeilometerTestAutomationSuite.MeterListTest)  Time elapsed: 1.267 sec  <<< FAILURE!
java.lang.AssertionError: expected [200] but found [500]
	at org.testng.Assert.fail(Assert.java:94)
	at org.testng.Assert.failNotEquals(Assert.java:494)
	at org.testng.Assert.assertEquals(Assert.java:123)
	at org.testng.Assert.assertEquals(Assert.java:370)
	at org.testng.Assert.assertEquals(Assert.java:380)
	at org.ceilometer.CeilometerTestAutomationSuite.MeterListTest.verifyGetMetersResponseCode(MeterListTest.java:63)

